android/build/app/outputs/mapping/release/seeds.txt
io.flutter.plugin.editing.TextInputPlugin: void access$600(io.flutter.plugin.editing.TextInputPlugin,int,boolean)
com.google.android.gms.internal.firebase-auth-api.zzafp: java.lang.Object createFromParcel(android.os.Parcel)
com.google.android.gms.internal.firebase-auth-api.zzaq: com.google.android.gms.internal.firebase-auth-api.zzaq zzb(java.lang.Object[],int)
kotlinx.coroutines.CoroutineStart: kotlinx.coroutines.CoroutineStart[] values()
com.google.protobuf.JavaType: com.google.protobuf.JavaType valueOf(java.lang.String)
io.flutter.embedding.android.FlutterActivity: android.app.Activity getActivity()
com.google.android.gms.internal.firebase-auth-api.zzvv: com.google.android.gms.internal.firebase-auth-api.zzvv zzc()
com.google.android.recaptcha.internal.zzha: int zzm()
com.google.android.recaptcha.internal.zzjb: com.google.android.recaptcha.internal.zzjb zzd(int)
com.google.android.recaptcha.internal.zzlj: int zzf()
com.google.android.gms.internal.fido.zzar: java.lang.Object previous()
io.flutter.plugin.editing.TextInputPlugin: void onProvideAutofillVirtualStructure(android.view.ViewStructure,int)
com.google.android.gms.internal.firebase-auth-api.zzals: void remove()
com.google.android.gms.internal.firebase-auth-api.zzaak: com.google.android.gms.tasks.Task zzb(com.google.firebase.FirebaseApp,com.google.firebase.auth.FirebaseUser,java.lang.String,com.google.firebase.auth.internal.zzbz)
com.google.android.gms.internal.auth.zzav: void writeToParcel(android.os.Parcel,int)
com.google.android.recaptcha.internal.zzmh: java.lang.String zzb(java.lang.String,byte[],com.google.android.recaptcha.internal.zzmi)
com.google.android.gms.internal.auth-api-phone.zzm: zzm(com.google.android.gms.internal.auth-api-phone.zzr)
com.google.android.gms.internal.firebase-auth-api.zzale: void zze(java.util.List)
androidx.fragment.app.Fragment: void onCreate(android.os.Bundle)
androidx.window.layout.WindowMetricsCalculator: androidx.window.layout.WindowMetrics computeMaximumWindowMetrics(android.app.Activity)
io.flutter.util.Predicate: boolean test(java.lang.Object)
com.google.android.gms.internal.auth.zzhi: double zza(java.lang.Object,long)
io.flutter.embedding.engine.FlutterEngineGroup: FlutterEngineGroup(android.content.Context)
com.google.android.gms.internal.auth.zzhe: int size()
com.google.android.gms.internal.auth.zzfp: zzfp()
androidx.window.embedding.SplitController: void initialize(android.content.Context,int)
com.google.android.gms.internal.fido.zzch: void zzb(java.lang.Appendable,byte[],int,int)
com.google.android.gms.internal.firebase-auth-api.zzaim$zzd: void zzo(int)
com.google.android.gms.internal.firebase-auth-api.zzadb: void zza(com.google.android.gms.internal.firebase-auth-api.zzafm)
androidx.core.content.ContextCompat$Api21Impl: android.graphics.drawable.Drawable getDrawable(android.content.Context,int)
io.flutter.view.AccessibilityBridge: void setBoldTextFlag()
com.google.android.gms.internal.common.zzb: boolean zza(int,android.os.Parcel,android.os.Parcel,int)
com.google.android.gms.internal.auth.zzdv: int hashCode()
com.google.android.gms.internal.firebase-auth-api.zzil: java.lang.Integer zza()
androidx.window.R$id: R$id()
com.google.android.gms.internal.firebase-auth-api.zzaiv: com.google.android.gms.internal.firebase-auth-api.zzaix zzb(java.lang.Object)
com.google.android.recaptcha.internal.zzkt: com.google.android.recaptcha.internal.zzll zzm()
com.google.android.gms.internal.firebase-auth-api.zzsg$zza: zzsg$zza()
com.google.android.gms.internal.firebase-auth-api.zzxc: java.lang.Object zza(java.lang.String,java.security.Provider)
com.google.android.gms.internal.firebase-auth-api.zzalq: zzalq()
com.google.android.gms.internal.firebase-auth-api.zzga: com.google.android.gms.internal.firebase-auth-api.zzbh zza(com.google.android.gms.internal.firebase-auth-api.zzfx)