android/build/app/outputs/mapping/release/usage.txt
com.google.errorprone.annotations.CheckReturnValue
com.google.errorprone.annotations.CompatibleWith
com.google.errorprone.annotations.CompileTimeConstant
com.google.errorprone.annotations.DoNotCall
com.google.errorprone.annotations.DoNotMock
com.google.errorprone.annotations.ForOverride
com.google.errorprone.annotations.FormatMethod
com.google.errorprone.annotations.FormatString
com.google.errorprone.annotations.Immutable
com.google.errorprone.annotations.IncompatibleModifiers
com.google.errorprone.annotations.InlineMe
com.google.errorprone.annotations.InlineMeValidationDisabled
com.google.errorprone.annotations.Keep
com.google.errorprone.annotations.Modifier
com.google.errorprone.annotations.MustBeClosed
com.google.errorprone.annotations.NoAllocation
com.google.errorprone.annotations.OverridingMethodsMustInvokeSuper
com.google.errorprone.annotations.RequiredModifiers
com.google.errorprone.annotations.RestrictedApi
com.google.errorprone.annotations.SuppressPackageLocation
com.google.errorprone.annotations.ThreadSafe
com.google.errorprone.annotations.Var
com.google.errorprone.annotations.concurrent.GuardedBy
com.google.errorprone.annotations.concurrent.LazyInit
com.google.errorprone.annotations.concurrent.LockMethod
com.google.errorprone.annotations.concurrent.UnlockMethod
com.google.firebase.BuildConfig
com.google.firebase.Firebase
com.google.firebase.FirebaseApp:
    public static final java.lang.String DEFAULT_APP_NAME
    private static final java.lang.String LOG_TAG
    public static void clearInstancesForTest()
    public static java.lang.String getPersistenceKey(java.lang.String,com.google.firebase.FirebaseOptions)
    void initializeAllComponents()
    public void removeBackgroundStateChangeListener(com.google.firebase.FirebaseApp$BackgroundStateChangeListener)
    public void removeLifecycleEventListener(com.google.firebase.FirebaseAppLifecycleListener)
    public void setDataCollectionDefaultEnabled(boolean)
com.google.firebase.FirebaseCommonRegistrar:
    private static final java.lang.String ANDROID_INSTALLER
    private static final java.lang.String ANDROID_PLATFORM
    private static final java.lang.String DEVICE_BRAND
    private static final java.lang.String DEVICE_MODEL
    private static final java.lang.String DEVICE_NAME
    private static final java.lang.String FIREBASE_ANDROID
    private static final java.lang.String FIREBASE_COMMON
    private static final java.lang.String KOTLIN
    private static final java.lang.String MIN_SDK
    private static final java.lang.String TARGET_SDK
com.google.firebase.FirebaseError
com.google.firebase.FirebaseExceptionMapper
com.google.firebase.FirebaseKt$coroutineDispatcher$1
com.google.firebase.FirebaseKt
com.google.firebase.FirebaseOptions$Builder:
    public void <init>(com.google.firebase.FirebaseOptions)
com.google.firebase.FirebaseOptions:
    private static final java.lang.String API_KEY_RESOURCE_NAME
    private static final java.lang.String APP_ID_RESOURCE_NAME
    private static final java.lang.String DATABASE_URL_RESOURCE_NAME
    private static final java.lang.String GA_TRACKING_ID_RESOURCE_NAME
    private static final java.lang.String GCM_SENDER_ID_RESOURCE_NAME
    private static final java.lang.String PROJECT_ID_RESOURCE_NAME
    private static final java.lang.String STORAGE_BUCKET_RESOURCE_NAME
    static synthetic java.lang.String access$000(com.google.firebase.FirebaseOptions)
    static synthetic java.lang.String access$100(com.google.firebase.FirebaseOptions)
    static synthetic java.lang.String access$200(com.google.firebase.FirebaseOptions)
    static synthetic java.lang.String access$300(com.google.firebase.FirebaseOptions)
    static synthetic java.lang.String access$400(com.google.firebase.FirebaseOptions)
    static synthetic java.lang.String access$500(com.google.firebase.FirebaseOptions)
    static synthetic java.lang.String access$600(com.google.firebase.FirebaseOptions)
com.google.firebase.R$raw
com.google.firebase.R